<?xml version="1.0" encoding="UTF-8"?>
<!-- Generated by org.testng.reporters.JUnitXMLReporter -->
<testsuite ignored="0" hostname="reas-MBP-2.hsd1.ca.comcast.net" failures="0" tests="5" name="Surefire test" time="53.086" errors="0" timestamp="13 Mar 2023 23:36:05 GMT">
  <testcase classname="org.reacarolyn.AppTest" name="testValidLogin" time="6.738"/>
  <testcase classname="org.reacarolyn.AppTest" name="testInvalidLogInWithInvalidUsername" time="6.384"/>
  <testcase classname="org.reacarolyn.AppTest" name="testInvalidLogInWithInvalidPassword" time="6.62"/>
  <testcase classname="org.reacarolyn.AppTest" name="testEmptyUsername" time="6.509"/>
  <testcase classname="org.reacarolyn.AppTest" name="testEmptyPassword" time="6.507"/>
</testsuite> <!-- Surefire test -->
