<?xml version="1.0" encoding="UTF-8"?>
<testsuite xmlns:xsi="http://www.w3.org/2001/XMLSchema-instance" xsi:noNamespaceSchemaLocation="https://maven.apache.org/surefire/maven-surefire-plugin/xsd/surefire-test-report.xsd" name="org.reacarolyn.AppTest" time="53.345" tests="5" errors="0" skipped="0" failures="0">
  <properties>
[...]
</properties>
  <testcase name="testValidLogin" classname="org.reacarolyn.AppTest" time="6.738"/>
  <testcase name="testInvalidLogInWithInvalidUsername" classname="org.reacarolyn.AppTest" time="6.385"/>
  <testcase name="testInvalidLogInWithInvalidPassword" classname="org.reacarolyn.AppTest" time="6.62"/>
  <testcase name="testEmptyUsername" classname="org.reacarolyn.AppTest" time="6.509"/>
  <testcase name="testEmptyPassword" classname="org.reacarolyn.AppTest" time="6.506"/>
</testsuite>