<?xml version="1.0" encoding="UTF-8"?>
<testng-results ignored="0" total="5" passed="5" failed="0" skipped="0">
  <reporter-output>
  </reporter-output>
  <suite started-at="2023-03-13T23:35:12Z" name="Surefire suite" finished-at="2023-03-13T23:36:05Z" duration-ms="53086">
    <groups>
    </groups>
    <test started-at="2023-03-13T23:35:12Z" name="Surefire test" finished-at="2023-03-13T23:36:05Z" duration-ms="53086">
      <class name="org.reacarolyn.AppTest">
        <test-method is-config="true" signature="setup(java.lang.reflect.Method, org.testng.ITestContext)[pri:0, instance:org.reacarolyn.AppTest@f6efaab]" started-at="2023-03-13T23:35:12Z" name="setup" finished-at="2023-03-13T23:35:16Z" duration-ms="4028" status="PASS">
          <params>
            <param index="0">
              <value>
                <![CDATA[public void org.reacarolyn.AppTest.testValidLogin() throws java.lang.InterruptedException]]>
              </value>
            </param>
            <param index="1">
              <value>
                <![CDATA[org.testng.TestRunner@61bcbcce]]>
              </value>
            </param>
          </params>
          <reporter-output>
          </reporter-output>
        </test-method> <!-- setup -->
        <test-method signature="testValidLogin()[pri:1, instance:org.reacarolyn.AppTest@f6efaab]" started-at="2023-03-13T23:35:16Z" name="testValidLogin" finished-at="2023-03-13T23:35:23Z" duration-ms="6738" status="PASS">
          <reporter-output>
          </reporter-output>
        </test-method> <!-- testValidLogin -->
        <test-method is-config="true" signature="tearDown()[pri:0, instance:org.reacarolyn.AppTest@f6efaab]" started-at="2023-03-13T23:35:23Z" name="tearDown" finished-at="2023-03-13T23:35:23Z" duration-ms="255" status="PASS">
          <reporter-output>
          </reporter-output>
        </test-method> <!-- tearDown -->
        <test-method is-config="true" signature="setup(java.lang.reflect.Method, org.testng.ITestContext)[pri:0, instance:org.reacarolyn.AppTest@f6efaab]" started-at="2023-03-13T23:35:23Z" name="setup" finished-at="2023-03-13T23:35:27Z" duration-ms="3836" status="PASS">
          <params>
            <param index="0">
              <value>
                <![CDATA[public void org.reacarolyn.AppTest.testInvalidLogInWithInvalidUsername() throws java.lang.InterruptedException]]>
              </value>
            </param>
            <param index="1">
              <value>
                <![CDATA[org.testng.TestRunner@61bcbcce]]>
              </value>
            </param>
          </params>
          <reporter-output>
          </reporter-output>
        </test-method> <!-- setup -->
        <test-method signature="testInvalidLogInWithInvalidUsername()[pri:2, instance:org.reacarolyn.AppTest@f6efaab]" started-at="2023-03-13T23:35:27Z" name="testInvalidLogInWithInvalidUsername" finished-at="2023-03-13T23:35:34Z" duration-ms="6384" status="PASS">
          <reporter-output>
          </reporter-output>
        </test-method> <!-- testInvalidLogInWithInvalidUsername -->
        <test-method is-config="true" signature="tearDown()[pri:0, instance:org.reacarolyn.AppTest@f6efaab]" started-at="2023-03-13T23:35:34Z" name="tearDown" finished-at="2023-03-13T23:35:34Z" duration-ms="269" status="PASS">
          <reporter-output>
          </reporter-output>
        </test-method> <!-- tearDown -->
        <test-method is-config="true" signature="setup(java.lang.reflect.Method, org.testng.ITestContext)[pri:0, instance:org.reacarolyn.AppTest@f6efaab]" started-at="2023-03-13T23:35:34Z" name="setup" finished-at="2023-03-13T23:35:37Z" duration-ms="3537" status="PASS">
          <params>
            <param index="0">
              <value>
                <![CDATA[public void org.reacarolyn.AppTest.testInvalidLogInWithInvalidPassword() throws java.lang.InterruptedException]]>
              </value>
            </param>
            <param index="1">
              <value>
                <![CDATA[org.testng.TestRunner@61bcbcce]]>
              </value>
            </param>
          </params>
          <reporter-output>
          </reporter-output>
        </test-method> <!-- setup -->
        <test-method signature="testInvalidLogInWithInvalidPassword()[pri:3, instance:org.reacarolyn.AppTest@f6efaab]" started-at="2023-03-13T23:35:37Z" name="testInvalidLogInWithInvalidPassword" finished-at="2023-03-13T23:35:44Z" duration-ms="6620" status="PASS">
          <reporter-output>
          </reporter-output>
        </test-method> <!-- testInvalidLogInWithInvalidPassword -->
        <test-method is-config="true" signature="tearDown()[pri:0, instance:org.reacarolyn.AppTest@f6efaab]" started-at="2023-03-13T23:35:44Z" name="tearDown" finished-at="2023-03-13T23:35:44Z" duration-ms="278" status="PASS">
          <reporter-output>
          </reporter-output>
        </test-method> <!-- tearDown -->
        <test-method is-config="true" signature="setup(java.lang.reflect.Method, org.testng.ITestContext)[pri:0, instance:org.reacarolyn.AppTest@f6efaab]" started-at="2023-03-13T23:35:44Z" name="setup" finished-at="2023-03-13T23:35:48Z" duration-ms="3557" status="PASS">
          <params>
            <param index="0">
              <value>
                <![CDATA[public void org.reacarolyn.AppTest.testEmptyUsername() throws java.lang.InterruptedException]]>
              </value>
            </param>
            <param index="1">
              <value>
                <![CDATA[org.testng.TestRunner@61bcbcce]]>
              </value>
            </param>
          </params>
          <reporter-output>
          </reporter-output>
        </test-method> <!-- setup -->
        <test-method signature="testEmptyUsername()[pri:4, instance:org.reacarolyn.AppTest@f6efaab]" started-at="2023-03-13T23:35:48Z" name="testEmptyUsername" finished-at="2023-03-13T23:35:54Z" duration-ms="6509" status="PASS">
          <reporter-output>
          </reporter-output>
        </test-method> <!-- testEmptyUsername -->
        <test-method is-config="true" signature="tearDown()[pri:0, instance:org.reacarolyn.AppTest@f6efaab]" started-at="2023-03-13T23:35:54Z" name="tearDown" finished-at="2023-03-13T23:35:55Z" duration-ms="266" status="PASS">
          <reporter-output>
          </reporter-output>
        </test-method> <!-- tearDown -->
        <test-method is-config="true" signature="setup(java.lang.reflect.Method, org.testng.ITestContext)[pri:0, instance:org.reacarolyn.AppTest@f6efaab]" started-at="2023-03-13T23:35:55Z" name="setup" finished-at="2023-03-13T23:35:59Z" duration-ms="3867" status="PASS">
          <params>
            <param index="0">
              <value>
                <![CDATA[public void org.reacarolyn.AppTest.testEmptyPassword() throws java.lang.InterruptedException]]>
              </value>
            </param>
            <param index="1">
              <value>
                <![CDATA[org.testng.TestRunner@61bcbcce]]>
              </value>
            </param>
          </params>
          <reporter-output>
          </reporter-output>
        </test-method> <!-- setup -->
        <test-method signature="testEmptyPassword()[pri:5, instance:org.reacarolyn.AppTest@f6efaab]" started-at="2023-03-13T23:35:59Z" name="testEmptyPassword" finished-at="2023-03-13T23:36:05Z" duration-ms="6507" status="PASS">
          <reporter-output>
          </reporter-output>
        </test-method> <!-- testEmptyPassword -->
        <test-method is-config="true" signature="tearDown()[pri:0, instance:org.reacarolyn.AppTest@f6efaab]" started-at="2023-03-13T23:36:05Z" name="tearDown" finished-at="2023-03-13T23:36:05Z" duration-ms="295" status="PASS">
          <reporter-output>
          </reporter-output>
        </test-method> <!-- tearDown -->
      </class> <!-- org.reacarolyn.AppTest -->
    </test> <!-- Surefire test -->
  </suite> <!-- Surefire suite -->
</testng-results>
